<?xml version="1.0" encoding="UTF-8"?>
<testsuite xmlns:xsi="http://www.w3.org/2001/XMLSchema-instance" xsi:noNamespaceSchemaLocation="https://maven.apache.org/surefire/maven-surefire-plugin/xsd/surefire-test-report-3.0.xsd" version="3.0" name="TestSuite" time="27.361" tests="4" errors="0" skipped="0" failures="0">
  <properties>
[...]
</properties>
  <testcase name="runScenario" classname="cucumberOptions.Runner" time="8.233"/>
  <testcase name="runScenario" classname="cucumberOptions.Runner" time="7.567"/>
  <testcase name="runScenario" classname="cucumberOptions.Runner" time="3.367"/>
  <testcase name="runScenario" classname="cucumberOptions.Runner" time="6.826"/>
</testsuite>